Change Component Designator: OldDesignator=1 NewDesignator=5
Change Component Designator: OldDesignator=2 NewDesignator=6
Change Component Designator: OldDesignator=3 NewDesignator=4
Change Component Designator: OldDesignator=4 NewDesignator=2
Change Component Designator: OldDesignator=5 NewDesignator=3
Change Component Designator: OldDesignator=6 NewDesignator=1
Change Component Designator: OldDesignator=C1 NewDesignator=C20
Change Component Designator: OldDesignator=C2 NewDesignator=C19
Change Component Designator: OldDesignator=C3 NewDesignator=C7
Change Component Designator: OldDesignator=C5 NewDesignator=C18
Change Component Designator: OldDesignator=C6 NewDesignator=C8
Change Component Designator: OldDesignator=C7 NewDesignator=C16
Change Component Designator: OldDesignator=C8 NewDesignator=C1
Change Component Designator: OldDesignator=C16 NewDesignator=C17
Change Component Designator: OldDesignator=C17 NewDesignator=C5
Change Component Designator: OldDesignator=C18 NewDesignator=C3
Change Component Designator: OldDesignator=C19 NewDesignator=C2
Change Component Designator: OldDesignator=C20 NewDesignator=C6
Change Component Designator: OldDesignator=D1 NewDesignator=D2
Change Component Designator: OldDesignator=D2 NewDesignator=D3
Change Component Designator: OldDesignator=D3 NewDesignator=D1
Change Component Designator: OldDesignator=J2 NewDesignator=J4
Change Component Designator: OldDesignator=J3 NewDesignator=J2
Change Component Designator: OldDesignator=J4 NewDesignator=J3
Change Component Designator: OldDesignator=P1 NewDesignator=P3
Change Component Designator: OldDesignator=P2 NewDesignator=P1
Change Component Designator: OldDesignator=P3 NewDesignator=P2
Change Component Designator: OldDesignator=R1 NewDesignator=R3
Change Component Designator: OldDesignator=R2 NewDesignator=R5
Change Component Designator: OldDesignator=R3 NewDesignator=R1
Change Component Designator: OldDesignator=R4 NewDesignator=R2
Change Component Designator: OldDesignator=R5 NewDesignator=R4
Change Component Designator: OldDesignator=U1 NewDesignator=U2
Change Component Designator: OldDesignator=U1 NewDesignator=U2
Change Component Designator: OldDesignator=U2 NewDesignator=U1
