Removed Member From Class: ClassName=Sheet1 Member=5
Removed Member From Class: ClassName=Sheet1 Member=C7
Removed Member From Class: ClassName=Sheet1 Member=C19
Removed Member From Class: ClassName=Sheet1 Member=C20
Removed Member From Class: ClassName=H-Bridge Member=R2
Change Net Name : Old Net Name=Net1_7 New Net Name=Net5_7
Change Net Name : Old Net Name=Net2_7 New Net Name=Net6_7
Change Net Name : Old Net Name=Net3_7 New Net Name=Net4_7
Change Net Name : Old Net Name=Net4_2 New Net Name=Net2_2
Change Net Name : Old Net Name=Net5_2 New Net Name=Net3_2
Change Net Name : Old Net Name=Net6_2 New Net Name=Net1_2
Change Net Name : Old Net Name=NetC16_1 New Net Name=NetC17_1
Change Net Name : Old Net Name=NetR5_1 New Net Name=NetR4_1
Change Net Name : Old Net Name=NetU1_8 New Net Name=NetU2_8
Added Member To Class: ClassName=Sheet1 Member=Component 1 Res3
Added Member To Class: ClassName=Sheet1 Member=Component 2 Res3
Added Member To Class: ClassName=H-Bridge Member=Component 4 DRV8872DDAR
Added Member To Class: ClassName=H-Bridge Member=Component 6 DRV8872DDAR
Added Member To Class: ClassName=Sheet1 Member=Component C1 Cap Semi
Added Member To Class: ClassName=Sheet1 Member=Component C2 Cap Semi
Added Member To Class: ClassName=Sheet1 Member=Component C3 Cap Semi
Added Member To Class: ClassName=Sheet1 Member=Component C16 Cap Semi
Added Member To Class: ClassName=Sheet1 Member=Component C17 Cap Semi
Added Member To Class: ClassName=Sheet1 Member=Component D1 LED2
Added Member To Class: ClassName=Sheet1 Member=Component D2 LED2
Added Member To Class: ClassName=Sheet1 Member=Component J2 B3B-PH-SM4-TB(LF)(SN)
Added Member To Class: ClassName=Sheet1 Member=Component P2 B6B-PH-SM4-TB(LF)(SN)
Added Member To Class: ClassName=H-Bridge Member=Component R1 Res3
Added Member To Class: ClassName=Sheet1 Member=Component R4 Res3
Added Member To Class: ClassName=H-Bridge Member=Component R5 Res3
Added Member To Class: ClassName=Sheet1 Member=Component U2 STM32F103C8T6
Added Room: Name=H-Bridge
Added Room: Name=Sheet1
