Change Component Footprint: Designator=D1 Old Footprint=3.2X1.6X1.1 New Footprint=0603
Change Component Footprint: Designator=D2 Old Footprint=3.2X1.6X1.1 New Footprint=0603
Change Component Footprint: Designator=D3 Old Footprint=3.2X1.6X1.1 New Footprint=0603
Change Component Footprint: Designator=C1 Old Footprint=C1206 New Footprint=1608[0603]
Change Component Footprint: Designator=C2 Old Footprint=C1206 New Footprint=1608[0603]
Change Component Footprint: Designator=C3 Old Footprint=C1206 New Footprint=1608[0603]
Change Component Footprint: Designator=C5 Old Footprint=C1206 New Footprint=1608[0603]
Change Component Footprint: Designator=C6 Old Footprint=C1206 New Footprint=1608[0603]
Change Component Footprint: Designator=C9 Old Footprint=C1206 New Footprint=1608[0603]
Change Component Footprint: Designator=C10 Old Footprint=C1206 New Footprint=1608[0603]
Change Component Footprint: Designator=C11 Old Footprint=C1206 New Footprint=1608[0603]
Change Component Footprint: Designator=C12 Old Footprint=C1206 New Footprint=1608[0603]
Change Component Footprint: Designator=C13 Old Footprint=C1206 New Footprint=1608[0603]
Change Component Footprint: Designator=C14 Old Footprint=C1206 New Footprint=1608[0603]
Change Component Footprint: Designator=C15 Old Footprint=C1206 New Footprint=1608[0603]
Change Component Footprint: Designator=C16 Old Footprint=C1206 New Footprint=1608[0603]
Change Component Footprint: Designator=C17 Old Footprint=C1206 New Footprint=1608[0603]
Added Member To Class: ClassName=H-Bridge Member=Component C20 47uF
Added Member To Class: ClassName=Sheet1 Member=Component X1 USB-B1HSB6
Added Room: Name=H-Bridge
Added Room: Name=Sheet1
