Change Component Designator: Old Designator= New Designator=?
Change Component Designator: Old Designator=4 New Designator=?
Change Component Designator: Old Designator=5 New Designator=?
Change Component Designator: Old Designator=C7 New Designator=C?
Change Component Designator: Old Designator=C8 New Designator=C?
Change Component Designator: Old Designator=C9 New Designator=C?
Change Component Designator: Old Designator=C10 New Designator=C?
Change Component Designator: Old Designator=C11 New Designator=C?
Change Component Designator: Old Designator=C12 New Designator=C?
Change Component Designator: Old Designator=C13 New Designator=C?
Change Component Designator: Old Designator=C14 New Designator=C?
Change Component Designator: Old Designator=C15 New Designator=C?
Change Component Designator: Old Designator=C16 New Designator=C?
Change Component Designator: Old Designator=C17 New Designator=C?
Change Component Designator: Old Designator=C18 New Designator=C?
Change Component Designator: Old Designator=C19 New Designator=C?
Change Component Designator: Old Designator=C20 New Designator=C?
Change Component Designator: Old Designator=D1 New Designator=D?
Change Component Designator: Old Designator=D2 New Designator=D?
Change Component Designator: Old Designator=D3 New Designator=D?
Change Component Designator: Old Designator=J1 New Designator=J?
Change Component Designator: Old Designator=J2 New Designator=J?
Change Component Designator: Old Designator=J3 New Designator=J?
Change Component Designator: Old Designator=J New Designator=J?
Change Component Designator: Old Designator=P1 New Designator=P?
Change Component Designator: Old Designator=P2 New Designator=P?
Change Component Designator: Old Designator=P New Designator=P?
Change Component Designator: Old Designator=R4 New Designator=R?
Change Component Designator: Old Designator=R5 New Designator=R?
Change Component Designator: Old Designator=S1 New Designator=S?
Change Component Designator: Old Designator=U1 New Designator=U?
Change Component Designator: Old Designator=U1 New Designator=U?
Change Component Designator: Old Designator=U New Designator=U?
Change Component Designator: Old Designator=X New Designator=X?
Change Component Designator: Old Designator=Y1 New Designator=Y?
